[2018-02-02T15:56:56,383][INFO ][logstash.modules.scaffold] Initializing module {:module_name=>"netflow", :directory=>"/home/kurt/elastic/logstash/logstash-5.6.0/modules/netflow/configuration"}
[2018-02-02T15:56:56,389][INFO ][logstash.modules.scaffold] Initializing module {:module_name=>"fb_apache", :directory=>"/home/kurt/elastic/logstash/logstash-5.6.0/modules/fb_apache/configuration"}
[2018-02-02T15:56:56,396][INFO ][logstash.setting.writabledirectory] Creating directory {:setting=>"path.queue", :path=>"/home/kurt/elastic/logstash/logstash-5.6.0/data/queue"}
[2018-02-02T15:56:56,399][INFO ][logstash.setting.writabledirectory] Creating directory {:setting=>"path.dead_letter_queue", :path=>"/home/kurt/elastic/logstash/logstash-5.6.0/data/dead_letter_queue"}
[2018-02-02T15:56:56,447][INFO ][logstash.agent           ] No persistent UUID file found. Generating new UUID {:uuid=>"a6d9dbc8-8bfb-4ed4-9be9-ca5274248191", :path=>"/home/kurt/elastic/logstash/logstash-5.6.0/data/uuid"}
[2018-02-02T15:56:56,611][ERROR][logstash.agent           ] Cannot create pipeline {:reason=>"Expected one of #, if, \", ', } at line 21, column 1 (byte 575) after output {\n\telasticsearch {\n\t\tindex => \"hawkeye\"\n\t\tdocument_type => \"user\"\n\t\tdocument_id => \"%{ID}\"\n\t\thosts => \"localhost\"\n\t}\n"}
[2018-02-02T16:02:28,379][INFO ][logstash.modules.scaffold] Initializing module {:module_name=>"netflow", :directory=>"/home/kurt/elastic/logstash/logstash-5.6.0/modules/netflow/configuration"}
[2018-02-02T16:02:28,383][INFO ][logstash.modules.scaffold] Initializing module {:module_name=>"fb_apache", :directory=>"/home/kurt/elastic/logstash/logstash-5.6.0/modules/fb_apache/configuration"}
[2018-02-02T16:02:28,508][ERROR][logstash.agent           ] Cannot create pipeline {:reason=>"Expected one of #, if, \", ', } at line 21, column 1 (byte 575) after output {\n\telasticsearch {\n\t\tindex => \"hawkeye\"\n\t\tdocument_type => \"user\"\n\t\tdocument_id => \"%{ID}\"\n\t\thosts => \"localhost\"\n\t}\n"}
[2018-02-02T16:48:17,860][INFO ][logstash.modules.scaffold] Initializing module {:module_name=>"netflow", :directory=>"/home/kurt/elastic/logstash/logstash-5.6.0/modules/netflow/configuration"}
[2018-02-02T16:48:17,864][INFO ][logstash.modules.scaffold] Initializing module {:module_name=>"fb_apache", :directory=>"/home/kurt/elastic/logstash/logstash-5.6.0/modules/fb_apache/configuration"}
[2018-02-02T16:48:17,997][ERROR][logstash.agent           ] Cannot create pipeline {:reason=>"Expected one of #, if, \", ', } at line 21, column 1 (byte 575) after output {\n\telasticsearch {\n\t\tindex => \"hawkeye\"\n\t\tdocument_type => \"user\"\n\t\tdocument_id => \"%{ID}\"\n\t\thosts => \"localhost\"\n\t}\n"}
[2018-02-02T16:50:06,330][INFO ][logstash.modules.scaffold] Initializing module {:module_name=>"netflow", :directory=>"/home/kurt/elastic/logstash/logstash-5.6.0/modules/netflow/configuration"}
[2018-02-02T16:50:06,342][INFO ][logstash.modules.scaffold] Initializing module {:module_name=>"fb_apache", :directory=>"/home/kurt/elastic/logstash/logstash-5.6.0/modules/fb_apache/configuration"}
[2018-02-02T16:50:06,506][ERROR][logstash.agent           ] Cannot create pipeline {:reason=>"Expected one of #, if, \", ', } at line 21, column 1 (byte 575) after output {\n\telasticsearch {\n\t\tindex => \"hawkeye\"\n\t\tdocument_type => \"user\"\n\t\tdocument_id => \"%{ID}\"\n\t\thosts => \"localhost\"\n\t}\n"}
[2018-02-02T16:55:07,256][INFO ][logstash.modules.scaffold] Initializing module {:module_name=>"netflow", :directory=>"/home/kurt/elastic/logstash/logstash-5.6.0/modules/netflow/configuration"}
[2018-02-02T16:55:07,268][INFO ][logstash.modules.scaffold] Initializing module {:module_name=>"fb_apache", :directory=>"/home/kurt/elastic/logstash/logstash-5.6.0/modules/fb_apache/configuration"}
[2018-02-02T16:55:07,415][ERROR][logstash.agent           ] Cannot create pipeline {:reason=>"Expected one of #, => at line 17, column 10 (byte 507) after output {\n\telasticsearch {\n\t\tindex => \"hawkeye\"\n\t\tstdout "}
[2018-02-02T16:56:59,160][INFO ][logstash.modules.scaffold] Initializing module {:module_name=>"netflow", :directory=>"/home/kurt/elastic/logstash/logstash-5.6.0/modules/netflow/configuration"}
[2018-02-02T16:56:59,163][INFO ][logstash.modules.scaffold] Initializing module {:module_name=>"fb_apache", :directory=>"/home/kurt/elastic/logstash/logstash-5.6.0/modules/fb_apache/configuration"}
[2018-02-02T16:56:59,282][ERROR][logstash.agent           ] Cannot create pipeline {:reason=>"Expected one of #, => at line 17, column 10 (byte 507) after output {\n\telasticsearch {\n\t\tindex => \"hawkeye\"\n\t\tstdout "}
[2018-02-02T16:59:44,694][INFO ][logstash.modules.scaffold] Initializing module {:module_name=>"netflow", :directory=>"/home/kurt/elastic/logstash/logstash-5.6.0/modules/netflow/configuration"}
[2018-02-02T16:59:44,700][INFO ][logstash.modules.scaffold] Initializing module {:module_name=>"fb_apache", :directory=>"/home/kurt/elastic/logstash/logstash-5.6.0/modules/fb_apache/configuration"}
[2018-02-02T16:59:44,848][ERROR][logstash.agent           ] Cannot create pipeline {:reason=>"Expected one of #, if, \", ', } at line 23, column 1 (byte 635) after output {\n\tstdout { codec => json_lines }\n\telasticsearch {\n\t\tindex => \"hawkeye\"\n\t\tdocument_type => \"user\"\n\t\tdocument_id => \"%{ID}\"\n\t\thosts => [\"localhost:9200\"]\n\t\tprotocol => \"http\"\n\t}\n"}
[2018-02-02T17:00:41,321][INFO ][logstash.modules.scaffold] Initializing module {:module_name=>"netflow", :directory=>"/home/kurt/elastic/logstash/logstash-5.6.0/modules/netflow/configuration"}
[2018-02-02T17:00:41,325][INFO ][logstash.modules.scaffold] Initializing module {:module_name=>"fb_apache", :directory=>"/home/kurt/elastic/logstash/logstash-5.6.0/modules/fb_apache/configuration"}
[2018-02-02T17:00:41,459][ERROR][logstash.agent           ] Cannot create pipeline {:reason=>"Expected one of #, if, \", ', } at line 23, column 1 (byte 635) after output {\n\tstdout { codec => json_lines }\n\telasticsearch {\n\t\tindex => \"hawkeye\"\n\t\tdocument_type => \"user\"\n\t\tdocument_id => \"%{ID}\"\n\t\thosts => [\"localhost:9200\"]\n\t\tprotocol => \"http\"\n\t}\n"}
[2018-02-02T17:01:03,626][INFO ][logstash.modules.scaffold] Initializing module {:module_name=>"netflow", :directory=>"/home/kurt/elastic/logstash/logstash-5.6.0/modules/netflow/configuration"}
[2018-02-02T17:01:03,630][INFO ][logstash.modules.scaffold] Initializing module {:module_name=>"fb_apache", :directory=>"/home/kurt/elastic/logstash/logstash-5.6.0/modules/fb_apache/configuration"}
[2018-02-02T17:01:03,830][ERROR][logstash.inputs.jdbc     ] Unknown setting 'jdb_driver_library' for jdbc
[2018-02-02T17:01:03,843][ERROR][logstash.agent           ] Cannot create pipeline {:reason=>"Something is wrong with your configuration."}
[2018-02-02T17:02:11,660][INFO ][logstash.modules.scaffold] Initializing module {:module_name=>"netflow", :directory=>"/home/kurt/elastic/logstash/logstash-5.6.0/modules/netflow/configuration"}
[2018-02-02T17:02:11,664][INFO ][logstash.modules.scaffold] Initializing module {:module_name=>"fb_apache", :directory=>"/home/kurt/elastic/logstash/logstash-5.6.0/modules/fb_apache/configuration"}
[2018-02-02T17:02:12,091][ERROR][logstash.outputs.elasticsearch] Unknown setting 'protocol' for elasticsearch
[2018-02-02T17:02:12,096][ERROR][logstash.agent           ] Cannot create pipeline {:reason=>"Something is wrong with your configuration."}
[2018-02-02T17:02:39,716][INFO ][logstash.modules.scaffold] Initializing module {:module_name=>"netflow", :directory=>"/home/kurt/elastic/logstash/logstash-5.6.0/modules/netflow/configuration"}
[2018-02-02T17:02:39,719][INFO ][logstash.modules.scaffold] Initializing module {:module_name=>"fb_apache", :directory=>"/home/kurt/elastic/logstash/logstash-5.6.0/modules/fb_apache/configuration"}
[2018-02-02T17:02:41,274][INFO ][logstash.outputs.elasticsearch] Elasticsearch pool URLs updated {:changes=>{:removed=>[], :added=>[http://localhost:9200/]}}
[2018-02-02T17:02:41,275][INFO ][logstash.outputs.elasticsearch] Running health check to see if an Elasticsearch connection is working {:healthcheck_url=>http://localhost:9200/, :path=>"/"}
[2018-02-02T17:02:41,511][WARN ][logstash.outputs.elasticsearch] Restored connection to ES instance {:url=>"http://localhost:9200/"}
[2018-02-02T17:02:41,515][INFO ][logstash.outputs.elasticsearch] Using mapping template from {:path=>nil}
[2018-02-02T17:02:41,663][INFO ][logstash.outputs.elasticsearch] Attempting to install template {:manage_template=>{"template"=>"logstash-*", "settings"=>{"index.refresh_interval"=>"5s"}, "mappings"=>{"_default_"=>{"_all"=>{"enabled"=>true, "omit_norms"=>true}, "dynamic_templates"=>[{"message_field"=>{"path_match"=>"message", "match_mapping_type"=>"string", "mapping"=>{"type"=>"string", "index"=>"analyzed", "omit_norms"=>true, "fielddata"=>{"format"=>"disabled"}}}}, {"string_fields"=>{"match"=>"*", "match_mapping_type"=>"string", "mapping"=>{"type"=>"string", "index"=>"analyzed", "omit_norms"=>true, "fielddata"=>{"format"=>"disabled"}, "fields"=>{"raw"=>{"type"=>"string", "index"=>"not_analyzed", "doc_values"=>true, "ignore_above"=>256}}}}}, {"float_fields"=>{"match"=>"*", "match_mapping_type"=>"float", "mapping"=>{"type"=>"float", "doc_values"=>true}}}, {"double_fields"=>{"match"=>"*", "match_mapping_type"=>"double", "mapping"=>{"type"=>"double", "doc_values"=>true}}}, {"byte_fields"=>{"match"=>"*", "match_mapping_type"=>"byte", "mapping"=>{"type"=>"byte", "doc_values"=>true}}}, {"short_fields"=>{"match"=>"*", "match_mapping_type"=>"short", "mapping"=>{"type"=>"short", "doc_values"=>true}}}, {"integer_fields"=>{"match"=>"*", "match_mapping_type"=>"integer", "mapping"=>{"type"=>"integer", "doc_values"=>true}}}, {"long_fields"=>{"match"=>"*", "match_mapping_type"=>"long", "mapping"=>{"type"=>"long", "doc_values"=>true}}}, {"date_fields"=>{"match"=>"*", "match_mapping_type"=>"date", "mapping"=>{"type"=>"date", "doc_values"=>true}}}, {"geo_point_fields"=>{"match"=>"*", "match_mapping_type"=>"geo_point", "mapping"=>{"type"=>"geo_point", "doc_values"=>true}}}], "properties"=>{"@timestamp"=>{"type"=>"date", "doc_values"=>true}, "@version"=>{"type"=>"string", "index"=>"not_analyzed", "doc_values"=>true}, "geoip"=>{"type"=>"object", "dynamic"=>true, "properties"=>{"ip"=>{"type"=>"ip", "doc_values"=>true}, "location"=>{"type"=>"geo_point", "doc_values"=>true}, "latitude"=>{"type"=>"float", "doc_values"=>true}, "longitude"=>{"type"=>"float", "doc_values"=>true}}}}}}}}
[2018-02-02T17:02:41,773][INFO ][logstash.outputs.elasticsearch] Installing elasticsearch template to _template/logstash
[2018-02-02T17:02:41,944][INFO ][logstash.outputs.elasticsearch] New Elasticsearch output {:class=>"LogStash::Outputs::ElasticSearch", :hosts=>["//localhost:9200"]}
[2018-02-02T17:02:41,946][INFO ][logstash.pipeline        ] Starting pipeline {"id"=>"main", "pipeline.workers"=>4, "pipeline.batch.size"=>125, "pipeline.batch.delay"=>5, "pipeline.max_inflight"=>500}
[2018-02-02T17:02:42,171][INFO ][logstash.pipeline        ] Pipeline main started
[2018-02-02T17:02:42,278][INFO ][logstash.agent           ] Successfully started Logstash API endpoint {:port=>9600}
[2018-02-02T17:02:43,900][INFO ][logstash.inputs.jdbc     ] (0.045000s) SELECT * from user
[2018-02-02T17:02:44,069][WARN ][logstash.inputs.jdbc     ] Exception when executing JDBC query {:exception=>#<Sequel::DatabaseError: Java::JavaSql::SQLException: Value '0000-00-00 00:00:00' can not be represented as java.sql.Timestamp>}
[2018-02-02T17:02:44,071][WARN ][logstash.inputs.jdbc     ] Attempt reconnection.
[2018-02-02T17:02:45,186][WARN ][logstash.agent           ] stopping pipeline {:id=>"main"}
[2018-02-02T17:04:49,712][INFO ][logstash.modules.scaffold] Initializing module {:module_name=>"netflow", :directory=>"/home/kurt/elastic/logstash/logstash-5.6.0/modules/netflow/configuration"}
[2018-02-02T17:04:49,730][INFO ][logstash.modules.scaffold] Initializing module {:module_name=>"fb_apache", :directory=>"/home/kurt/elastic/logstash/logstash-5.6.0/modules/fb_apache/configuration"}
[2018-02-02T17:04:50,441][INFO ][logstash.outputs.elasticsearch] Elasticsearch pool URLs updated {:changes=>{:removed=>[], :added=>[http://localhost:9200/]}}
[2018-02-02T17:04:50,443][INFO ][logstash.outputs.elasticsearch] Running health check to see if an Elasticsearch connection is working {:healthcheck_url=>http://localhost:9200/, :path=>"/"}
[2018-02-02T17:04:50,540][WARN ][logstash.outputs.elasticsearch] Restored connection to ES instance {:url=>"http://localhost:9200/"}
[2018-02-02T17:04:50,542][INFO ][logstash.outputs.elasticsearch] Using mapping template from {:path=>nil}
[2018-02-02T17:04:50,662][INFO ][logstash.outputs.elasticsearch] Attempting to install template {:manage_template=>{"template"=>"logstash-*", "settings"=>{"index.refresh_interval"=>"5s"}, "mappings"=>{"_default_"=>{"_all"=>{"enabled"=>true, "omit_norms"=>true}, "dynamic_templates"=>[{"message_field"=>{"path_match"=>"message", "match_mapping_type"=>"string", "mapping"=>{"type"=>"string", "index"=>"analyzed", "omit_norms"=>true, "fielddata"=>{"format"=>"disabled"}}}}, {"string_fields"=>{"match"=>"*", "match_mapping_type"=>"string", "mapping"=>{"type"=>"string", "index"=>"analyzed", "omit_norms"=>true, "fielddata"=>{"format"=>"disabled"}, "fields"=>{"raw"=>{"type"=>"string", "index"=>"not_analyzed", "doc_values"=>true, "ignore_above"=>256}}}}}, {"float_fields"=>{"match"=>"*", "match_mapping_type"=>"float", "mapping"=>{"type"=>"float", "doc_values"=>true}}}, {"double_fields"=>{"match"=>"*", "match_mapping_type"=>"double", "mapping"=>{"type"=>"double", "doc_values"=>true}}}, {"byte_fields"=>{"match"=>"*", "match_mapping_type"=>"byte", "mapping"=>{"type"=>"byte", "doc_values"=>true}}}, {"short_fields"=>{"match"=>"*", "match_mapping_type"=>"short", "mapping"=>{"type"=>"short", "doc_values"=>true}}}, {"integer_fields"=>{"match"=>"*", "match_mapping_type"=>"integer", "mapping"=>{"type"=>"integer", "doc_values"=>true}}}, {"long_fields"=>{"match"=>"*", "match_mapping_type"=>"long", "mapping"=>{"type"=>"long", "doc_values"=>true}}}, {"date_fields"=>{"match"=>"*", "match_mapping_type"=>"date", "mapping"=>{"type"=>"date", "doc_values"=>true}}}, {"geo_point_fields"=>{"match"=>"*", "match_mapping_type"=>"geo_point", "mapping"=>{"type"=>"geo_point", "doc_values"=>true}}}], "properties"=>{"@timestamp"=>{"type"=>"date", "doc_values"=>true}, "@version"=>{"type"=>"string", "index"=>"not_analyzed", "doc_values"=>true}, "geoip"=>{"type"=>"object", "dynamic"=>true, "properties"=>{"ip"=>{"type"=>"ip", "doc_values"=>true}, "location"=>{"type"=>"geo_point", "doc_values"=>true}, "latitude"=>{"type"=>"float", "doc_values"=>true}, "longitude"=>{"type"=>"float", "doc_values"=>true}}}}}}}}
[2018-02-02T17:04:50,669][INFO ][logstash.outputs.elasticsearch] New Elasticsearch output {:class=>"LogStash::Outputs::ElasticSearch", :hosts=>["//localhost:9200"]}
[2018-02-02T17:04:50,670][INFO ][logstash.pipeline        ] Starting pipeline {"id"=>"main", "pipeline.workers"=>4, "pipeline.batch.size"=>125, "pipeline.batch.delay"=>5, "pipeline.max_inflight"=>500}
[2018-02-02T17:04:50,852][INFO ][logstash.pipeline        ] Pipeline main started
[2018-02-02T17:04:50,973][INFO ][logstash.agent           ] Successfully started Logstash API endpoint {:port=>9600}
[2018-02-02T17:04:51,758][INFO ][logstash.inputs.jdbc     ] (0.017000s) SELECT * from user
[2018-02-02T17:04:52,154][WARN ][logstash.inputs.jdbc     ] Exception when executing JDBC query {:exception=>#<Sequel::DatabaseError: Java::JavaSql::SQLException: Value '0000-00-00 00:00:00' can not be represented as java.sql.Timestamp>}
[2018-02-02T17:04:52,155][WARN ][logstash.inputs.jdbc     ] Attempt reconnection.
[2018-02-02T17:04:53,877][WARN ][logstash.agent           ] stopping pipeline {:id=>"main"}
[2018-02-02T17:07:51,585][INFO ][logstash.modules.scaffold] Initializing module {:module_name=>"netflow", :directory=>"/home/kurt/elastic/logstash/logstash-5.6.0/modules/netflow/configuration"}
[2018-02-02T17:07:51,590][INFO ][logstash.modules.scaffold] Initializing module {:module_name=>"fb_apache", :directory=>"/home/kurt/elastic/logstash/logstash-5.6.0/modules/fb_apache/configuration"}
[2018-02-02T17:07:52,160][INFO ][logstash.outputs.elasticsearch] Elasticsearch pool URLs updated {:changes=>{:removed=>[], :added=>[http://localhost:9200/]}}
[2018-02-02T17:07:52,163][INFO ][logstash.outputs.elasticsearch] Running health check to see if an Elasticsearch connection is working {:healthcheck_url=>http://localhost:9200/, :path=>"/"}
[2018-02-02T17:07:52,258][WARN ][logstash.outputs.elasticsearch] Restored connection to ES instance {:url=>"http://localhost:9200/"}
[2018-02-02T17:07:52,259][INFO ][logstash.outputs.elasticsearch] Using mapping template from {:path=>nil}
[2018-02-02T17:07:52,300][INFO ][logstash.outputs.elasticsearch] Attempting to install template {:manage_template=>{"template"=>"logstash-*", "settings"=>{"index.refresh_interval"=>"5s"}, "mappings"=>{"_default_"=>{"_all"=>{"enabled"=>true, "omit_norms"=>true}, "dynamic_templates"=>[{"message_field"=>{"path_match"=>"message", "match_mapping_type"=>"string", "mapping"=>{"type"=>"string", "index"=>"analyzed", "omit_norms"=>true, "fielddata"=>{"format"=>"disabled"}}}}, {"string_fields"=>{"match"=>"*", "match_mapping_type"=>"string", "mapping"=>{"type"=>"string", "index"=>"analyzed", "omit_norms"=>true, "fielddata"=>{"format"=>"disabled"}, "fields"=>{"raw"=>{"type"=>"string", "index"=>"not_analyzed", "doc_values"=>true, "ignore_above"=>256}}}}}, {"float_fields"=>{"match"=>"*", "match_mapping_type"=>"float", "mapping"=>{"type"=>"float", "doc_values"=>true}}}, {"double_fields"=>{"match"=>"*", "match_mapping_type"=>"double", "mapping"=>{"type"=>"double", "doc_values"=>true}}}, {"byte_fields"=>{"match"=>"*", "match_mapping_type"=>"byte", "mapping"=>{"type"=>"byte", "doc_values"=>true}}}, {"short_fields"=>{"match"=>"*", "match_mapping_type"=>"short", "mapping"=>{"type"=>"short", "doc_values"=>true}}}, {"integer_fields"=>{"match"=>"*", "match_mapping_type"=>"integer", "mapping"=>{"type"=>"integer", "doc_values"=>true}}}, {"long_fields"=>{"match"=>"*", "match_mapping_type"=>"long", "mapping"=>{"type"=>"long", "doc_values"=>true}}}, {"date_fields"=>{"match"=>"*", "match_mapping_type"=>"date", "mapping"=>{"type"=>"date", "doc_values"=>true}}}, {"geo_point_fields"=>{"match"=>"*", "match_mapping_type"=>"geo_point", "mapping"=>{"type"=>"geo_point", "doc_values"=>true}}}], "properties"=>{"@timestamp"=>{"type"=>"date", "doc_values"=>true}, "@version"=>{"type"=>"string", "index"=>"not_analyzed", "doc_values"=>true}, "geoip"=>{"type"=>"object", "dynamic"=>true, "properties"=>{"ip"=>{"type"=>"ip", "doc_values"=>true}, "location"=>{"type"=>"geo_point", "doc_values"=>true}, "latitude"=>{"type"=>"float", "doc_values"=>true}, "longitude"=>{"type"=>"float", "doc_values"=>true}}}}}}}}
[2018-02-02T17:07:52,307][INFO ][logstash.outputs.elasticsearch] New Elasticsearch output {:class=>"LogStash::Outputs::ElasticSearch", :hosts=>["//localhost:9200"]}
[2018-02-02T17:07:52,309][INFO ][logstash.pipeline        ] Starting pipeline {"id"=>"main", "pipeline.workers"=>4, "pipeline.batch.size"=>125, "pipeline.batch.delay"=>5, "pipeline.max_inflight"=>500}
[2018-02-02T17:07:52,428][INFO ][logstash.pipeline        ] Pipeline main started
[2018-02-02T17:07:52,472][INFO ][logstash.agent           ] Successfully started Logstash API endpoint {:port=>9600}
[2018-02-02T17:07:53,336][INFO ][logstash.inputs.jdbc     ] (0.020000s) SELECT * from user
[2018-02-02T17:07:53,719][WARN ][logstash.inputs.jdbc     ] Exception when executing JDBC query {:exception=>#<Sequel::DatabaseError: Java::JavaSql::SQLException: Value '0000-00-00 00:00:00' can not be represented as java.sql.Timestamp>}
[2018-02-02T17:07:53,720][WARN ][logstash.inputs.jdbc     ] Attempt reconnection.
[2018-02-02T17:07:55,435][WARN ][logstash.agent           ] stopping pipeline {:id=>"main"}
[2018-02-02T17:10:19,638][INFO ][logstash.modules.scaffold] Initializing module {:module_name=>"netflow", :directory=>"/home/kurt/elastic/logstash/logstash-5.6.0/modules/netflow/configuration"}
[2018-02-02T17:10:19,657][INFO ][logstash.modules.scaffold] Initializing module {:module_name=>"fb_apache", :directory=>"/home/kurt/elastic/logstash/logstash-5.6.0/modules/fb_apache/configuration"}
[2018-02-02T17:10:20,392][INFO ][logstash.outputs.elasticsearch] Elasticsearch pool URLs updated {:changes=>{:removed=>[], :added=>[http://localhost:9200/]}}
[2018-02-02T17:10:20,394][INFO ][logstash.outputs.elasticsearch] Running health check to see if an Elasticsearch connection is working {:healthcheck_url=>http://localhost:9200/, :path=>"/"}
[2018-02-02T17:10:20,554][WARN ][logstash.outputs.elasticsearch] Restored connection to ES instance {:url=>"http://localhost:9200/"}
[2018-02-02T17:10:20,559][INFO ][logstash.outputs.elasticsearch] Using mapping template from {:path=>nil}
[2018-02-02T17:10:20,623][INFO ][logstash.outputs.elasticsearch] Attempting to install template {:manage_template=>{"template"=>"logstash-*", "settings"=>{"index.refresh_interval"=>"5s"}, "mappings"=>{"_default_"=>{"_all"=>{"enabled"=>true, "omit_norms"=>true}, "dynamic_templates"=>[{"message_field"=>{"path_match"=>"message", "match_mapping_type"=>"string", "mapping"=>{"type"=>"string", "index"=>"analyzed", "omit_norms"=>true, "fielddata"=>{"format"=>"disabled"}}}}, {"string_fields"=>{"match"=>"*", "match_mapping_type"=>"string", "mapping"=>{"type"=>"string", "index"=>"analyzed", "omit_norms"=>true, "fielddata"=>{"format"=>"disabled"}, "fields"=>{"raw"=>{"type"=>"string", "index"=>"not_analyzed", "doc_values"=>true, "ignore_above"=>256}}}}}, {"float_fields"=>{"match"=>"*", "match_mapping_type"=>"float", "mapping"=>{"type"=>"float", "doc_values"=>true}}}, {"double_fields"=>{"match"=>"*", "match_mapping_type"=>"double", "mapping"=>{"type"=>"double", "doc_values"=>true}}}, {"byte_fields"=>{"match"=>"*", "match_mapping_type"=>"byte", "mapping"=>{"type"=>"byte", "doc_values"=>true}}}, {"short_fields"=>{"match"=>"*", "match_mapping_type"=>"short", "mapping"=>{"type"=>"short", "doc_values"=>true}}}, {"integer_fields"=>{"match"=>"*", "match_mapping_type"=>"integer", "mapping"=>{"type"=>"integer", "doc_values"=>true}}}, {"long_fields"=>{"match"=>"*", "match_mapping_type"=>"long", "mapping"=>{"type"=>"long", "doc_values"=>true}}}, {"date_fields"=>{"match"=>"*", "match_mapping_type"=>"date", "mapping"=>{"type"=>"date", "doc_values"=>true}}}, {"geo_point_fields"=>{"match"=>"*", "match_mapping_type"=>"geo_point", "mapping"=>{"type"=>"geo_point", "doc_values"=>true}}}], "properties"=>{"@timestamp"=>{"type"=>"date", "doc_values"=>true}, "@version"=>{"type"=>"string", "index"=>"not_analyzed", "doc_values"=>true}, "geoip"=>{"type"=>"object", "dynamic"=>true, "properties"=>{"ip"=>{"type"=>"ip", "doc_values"=>true}, "location"=>{"type"=>"geo_point", "doc_values"=>true}, "latitude"=>{"type"=>"float", "doc_values"=>true}, "longitude"=>{"type"=>"float", "doc_values"=>true}}}}}}}}
[2018-02-02T17:10:20,629][INFO ][logstash.outputs.elasticsearch] New Elasticsearch output {:class=>"LogStash::Outputs::ElasticSearch", :hosts=>["//localhost:9200"]}
[2018-02-02T17:10:20,631][INFO ][logstash.pipeline        ] Starting pipeline {"id"=>"main", "pipeline.workers"=>4, "pipeline.batch.size"=>125, "pipeline.batch.delay"=>5, "pipeline.max_inflight"=>500}
[2018-02-02T17:10:20,816][INFO ][logstash.pipeline        ] Pipeline main started
[2018-02-02T17:10:20,914][INFO ][logstash.agent           ] Successfully started Logstash API endpoint {:port=>9600}
[2018-02-02T17:10:22,144][INFO ][logstash.inputs.jdbc     ] (0.120000s) SELECT * from campaign
[2018-02-02T17:10:31,360][WARN ][logstash.agent           ] stopping pipeline {:id=>"main"}
